<?xml version="1.0" encoding="UTF-8"?>
<!-- Generated by org.testng.reporters.JUnitReportReporter -->
<testsuite skipped="0" hostname="DESKTOP-6UF45NS" name="ParallelExecutionTests.ChromeTest1" tests="2" failures="0" timestamp="10 Apr 2020 10:08:02 GMT" time="109.626" errors="0">
  <testcase name="chromeTest1" time="67.994" classname="ParallelExecutionTests.ChromeTest1"/>
  <testcase name="chromeTest1" time="41.632" classname="ParallelExecutionTests.ChromeTest1"/>
</testsuite> <!-- ParallelExecutionTests.ChromeTest1 -->
