<?xml version="1.0" encoding="UTF-8"?>
<!-- Generated by org.testng.reporters.JUnitReportReporter -->
<testsuite skipped="0" hostname="DESKTOP-6UF45NS" name="ParallelExecutionTests.ChromeTest2" tests="2" failures="0" timestamp="10 Apr 2020 10:08:02 GMT" time="96.180" errors="0">
  <testcase name="chromeTest2" time="38.984" classname="ParallelExecutionTests.ChromeTest2"/>
  <testcase name="chromeTest2" time="57.196" classname="ParallelExecutionTests.ChromeTest2"/>
</testsuite> <!-- ParallelExecutionTests.ChromeTest2 -->
